<?xml version="1.0" encoding="UTF-8"?>
<!-- Generated by org.testng.reporters.JUnitReportReporter -->
<testsuite hostname="DESKTOP-NVPTPKF" failures="0" tests="2" name="ai.eezy.signuptest.EmailSignupInvalidPasswordTest" time="59.154" errors="0" timestamp="2021-04-26T17:10:51 IST" skipped="0">
  <testcase classname="ai.eezy.signuptest.EmailSignupInvalidPasswordTest" name="invalidPasswordInput" time="26.821"/>
  <system-out/>
  <testcase classname="ai.eezy.signuptest.EmailSignupInvalidPasswordTest" name="blankPasswordInput" time="32.333"/>
  <system-out/>
</testsuite> <!-- ai.eezy.signuptest.EmailSignupInvalidPasswordTest -->
