<?xml version="1.0" encoding="UTF-8"?>
<!-- Generated by org.testng.reporters.JUnitReportReporter -->
<testsuite hostname="DESKTOP-NVPTPKF" failures="0" tests="1" name="ai.eezy.signuptest.CountryNameFlagISDCodeTest" time="1325.357" errors="0" timestamp="2021-04-19T14:45:22 IST" skipped="0">
  <testcase classname="ai.eezy.signuptest.CountryNameFlagISDCodeTest" name="countryDropDownTest" time="1325.357"/>
  <system-out/>
</testsuite> <!-- ai.eezy.signuptest.CountryNameFlagISDCodeTest -->
