<?xml version="1.0" encoding="UTF-8"?>
<!-- Generated by org.testng.reporters.JUnitReportReporter -->
<testsuite hostname="DESKTOP-NVPTPKF" failures="0" tests="1" name="ai.eezy.signuptest.LoginUsingMobileNumberTest" time="37.294" errors="0" timestamp="2021-04-20T13:42:09 IST" skipped="0">
  <testcase classname="ai.eezy.signuptest.LoginUsingMobileNumberTest" name="loginUsingMobileNumber" time="37.294"/>
  <system-out/>
</testsuite> <!-- ai.eezy.signuptest.LoginUsingMobileNumberTest -->
