<?xml version="1.0" encoding="UTF-8"?>
<!-- Generated by org.testng.reporters.JUnitReportReporter -->
<testsuite hostname="DESKTOP-NVPTPKF" failures="0" tests="1" name="ai.eezy.plantest.MyPlanTest" time="154.510" errors="0" timestamp="2021-04-22T14:37:13 IST" skipped="0">
  <testcase classname="ai.eezy.plantest.MyPlanTest" name="myPlan" time="154.510"/>
  <system-out/>
</testsuite> <!-- ai.eezy.plantest.MyPlanTest -->
