<?xml version="1.0" encoding="UTF-8"?>
<!-- Generated by org.testng.reporters.JUnitReportReporter -->
<testsuite hostname="DESKTOP-NVPTPKF" failures="0" tests="1" name="ai.eezy.test.CountryTest" time="108.517" errors="0" timestamp="2021-04-20T19:12:30 IST" skipped="0">
  <testcase classname="ai.eezy.test.CountryTest" name="country" time="108.517"/>
  <system-out/>
</testsuite> <!-- ai.eezy.test.CountryTest -->
