<?xml version="1.0" encoding="UTF-8"?>
<!-- Generated by org.testng.reporters.JUnitReportReporter -->
<testsuite hostname="DESKTOP-NVPTPKF" failures="0" tests="1" name="ai.eezy.logintest.LoginRedirectingToSignupTest" time="45.306" errors="0" timestamp="2021-04-22T17:08:27 IST" skipped="0">
  <testcase classname="ai.eezy.logintest.LoginRedirectingToSignupTest" name="loginToSingup" time="45.306"/>
  <system-out/>
</testsuite> <!-- ai.eezy.logintest.LoginRedirectingToSignupTest -->
