<?xml version="1.0" encoding="UTF-8"?>
<!-- Generated by org.testng.reporters.JUnitReportReporter -->
<testsuite hostname="DESKTOP-NVPTPKF" failures="0" tests="2" name="ai.eezy.signuptest.EmailSignupInvalidPasswordTest" time="49.473" errors="0" timestamp="2021-04-16T12:06:58 IST" skipped="0">
  <testcase classname="ai.eezy.signuptest.EmailSignupInvalidPasswordTest" name="blankPasswordInput" time="24.359"/>
  <system-out/>
  <testcase classname="ai.eezy.signuptest.EmailSignupInvalidPasswordTest" name="invalidPasswordInput" time="25.114"/>
  <system-out/>
</testsuite> <!-- ai.eezy.signuptest.EmailSignupInvalidPasswordTest -->
