<?xml version="1.0" encoding="UTF-8"?>
<!-- Generated by org.testng.reporters.JUnitReportReporter -->
<testsuite hostname="DESKTOP-NVPTPKF" failures="0" tests="1" name="ai.eezy.plantest.OpenProfileTabTest" time="66.329" errors="0" timestamp="2021-04-26T11:58:47 IST" skipped="0">
  <testcase classname="ai.eezy.plantest.OpenProfileTabTest" name="openProfileTab" time="66.329"/>
  <system-out/>
</testsuite> <!-- ai.eezy.plantest.OpenProfileTabTest -->
