<?xml version="1.0" encoding="UTF-8"?>
<!-- Generated by org.testng.reporters.JUnitReportReporter -->
<testsuite hostname="DESKTOP-NVPTPKF" failures="0" tests="1" name="ai.eezy.signuptest.CountryList" time="45.653" errors="1" timestamp="2021-04-19T14:18:41 IST" skipped="0">
  <testcase classname="ai.eezy.signuptest.CountryList" name="country" time="45.653">
    <error message="java.lang.IllegalArgumentException: Unable to compile &#039;//android.widget.TextView[@text=&#039;&quot;Cote d&#039;Ivoire (+225)&quot;&#039;]/preceding-sibling::android.widget.ImageView&#039;. See Cause.
For documentation on this error, please visit: https://www.seleniumhq.org/exceptions/invalid_selector_exception.html
Build info: version: &#039;3.141.59&#039;, revision: &#039;e82be7d358&#039;, time: &#039;2018-11-14T08:17:03&#039;
System info: host: &#039;DESKTOP-NVPTPKF&#039;, ip: &#039;192.168.43.171&#039;, os.name: &#039;Windows 10&#039;, os.arch: &#039;amd64&#039;, os.version: &#039;10.0&#039;, java.version: &#039;15.0.1&#039;
Driver info: io.appium.java_client.android.AndroidDriver
Capabilities {UDID: bfe7d6690803, appActivity: com.natife.eezy.MainActivity, appPackage: com.eezy.ai.dev, automationName: Appium, databaseEnabled: false, desired: {UDID: bfe7d6690803, appActivity: com.natife.eezy.MainActivity, appPackage: com.eezy.ai.dev, automationName: Appium, deviceName: MyLittleMonster, platformName: android, platformVersion: 7.0}, deviceApiLevel: 24, deviceManufacturer: Xiaomi, deviceModel: Redmi Note 4, deviceName: bfe7d6690803, deviceScreenDensity: 480, deviceScreenSize: 1080x1920, deviceUDID: bfe7d6690803, javascriptEnabled: true, locationContextEnabled: false, networkConnectionEnabled: true, pixelRatio: 3, platform: LINUX, platformName: Android, platformVersion: 7.0, statBarHeight: 72, takesScreenshot: true, viewportRect: {height: 1848, left: 0, top: 72, width: 1080}, warnings: {}, webStorageEnabled: false}
Session ID: 807316df-7db9-4ac5-ba49-5fa686b204dc
*** Element info: {Using=xpath, value=//android.widget.TextView[@text=&#039;&quot;Cote d&#039;Ivoire (+225)&quot;&#039;]/preceding-sibling::android.widget.ImageView}" type="org.openqa.selenium.InvalidSelectorException">
      <![CDATA[org.openqa.selenium.InvalidSelectorException: java.lang.IllegalArgumentException: Unable to compile '//android.widget.TextView[@text='"Cote d'Ivoire (+225)"']/preceding-sibling::android.widget.ImageView'. See Cause.
For documentation on this error, please visit: https://www.seleniumhq.org/exceptions/invalid_selector_exception.html
Build info: version: '3.141.59', revision: 'e82be7d358', time: '2018-11-14T08:17:03'
System info: host: 'DESKTOP-NVPTPKF', ip: '192.168.43.171', os.name: 'Windows 10', os.arch: 'amd64', os.version: '10.0', java.version: '15.0.1'
Driver info: io.appium.java_client.android.AndroidDriver
Capabilities {UDID: bfe7d6690803, appActivity: com.natife.eezy.MainActivity, appPackage: com.eezy.ai.dev, automationName: Appium, databaseEnabled: false, desired: {UDID: bfe7d6690803, appActivity: com.natife.eezy.MainActivity, appPackage: com.eezy.ai.dev, automationName: Appium, deviceName: MyLittleMonster, platformName: android, platformVersion: 7.0}, deviceApiLevel: 24, deviceManufacturer: Xiaomi, deviceModel: Redmi Note 4, deviceName: bfe7d6690803, deviceScreenDensity: 480, deviceScreenSize: 1080x1920, deviceUDID: bfe7d6690803, javascriptEnabled: true, locationContextEnabled: false, networkConnectionEnabled: true, pixelRatio: 3, platform: LINUX, platformName: Android, platformVersion: 7.0, statBarHeight: 72, takesScreenshot: true, viewportRect: {height: 1848, left: 0, top: 72, width: 1080}, warnings: {}, webStorageEnabled: false}
Session ID: 807316df-7db9-4ac5-ba49-5fa686b204dc
*** Element info: {Using=xpath, value=//android.widget.TextView[@text='"Cote d'Ivoire (+225)"']/preceding-sibling::android.widget.ImageView}
at java.base/jdk.internal.reflect.NativeConstructorAccessorImpl.newInstance0(Native Method)
at java.base/jdk.internal.reflect.NativeConstructorAccessorImpl.newInstance(NativeConstructorAccessorImpl.java:64)
at java.base/jdk.internal.reflect.DelegatingConstructorAccessorImpl.newInstance(DelegatingConstructorAccessorImpl.java:45)
at java.base/java.lang.reflect.Constructor.newInstanceWithCaller(Constructor.java:500)
at java.base/java.lang.reflect.Constructor.newInstance(Constructor.java:481)
at org.openqa.selenium.remote.http.W3CHttpResponseCodec.createException(W3CHttpResponseCodec.java:187)
at org.openqa.selenium.remote.http.W3CHttpResponseCodec.decode(W3CHttpResponseCodec.java:122)
at org.openqa.selenium.remote.http.W3CHttpResponseCodec.decode(W3CHttpResponseCodec.java:49)
at org.openqa.selenium.remote.HttpCommandExecutor.execute(HttpCommandExecutor.java:158)
at io.appium.java_client.remote.AppiumCommandExecutor.execute(AppiumCommandExecutor.java:239)
at org.openqa.selenium.remote.RemoteWebDriver.execute(RemoteWebDriver.java:552)
at io.appium.java_client.DefaultGenericMobileDriver.execute(DefaultGenericMobileDriver.java:41)
at io.appium.java_client.AppiumDriver.execute(AppiumDriver.java:1)
at io.appium.java_client.android.AndroidDriver.execute(AndroidDriver.java:1)
at org.openqa.selenium.remote.RemoteWebDriver.findElement(RemoteWebDriver.java:323)
at io.appium.java_client.DefaultGenericMobileDriver.findElement(DefaultGenericMobileDriver.java:61)
at io.appium.java_client.AppiumDriver.findElement(AppiumDriver.java:1)
at io.appium.java_client.android.AndroidDriver.findElement(AndroidDriver.java:1)
at org.openqa.selenium.remote.RemoteWebDriver.findElementByXPath(RemoteWebDriver.java:428)
at io.appium.java_client.DefaultGenericMobileDriver.findElementByXPath(DefaultGenericMobileDriver.java:151)
at io.appium.java_client.AppiumDriver.findElementByXPath(AppiumDriver.java:1)
at io.appium.java_client.android.AndroidDriver.findElementByXPath(AndroidDriver.java:1)
at ai.eezy.pages.SignUpForeezyPage.checkFlag(SignUpForeezyPage.java:98)
at ai.eezy.signuptest.CountryList.country(CountryList.java:27)
at java.base/jdk.internal.reflect.NativeMethodAccessorImpl.invoke0(Native Method)
at java.base/jdk.internal.reflect.NativeMethodAccessorImpl.invoke(NativeMethodAccessorImpl.java:64)
at java.base/jdk.internal.reflect.DelegatingMethodAccessorImpl.invoke(DelegatingMethodAccessorImpl.java:43)
at java.base/java.lang.reflect.Method.invoke(Method.java:564)
at org.testng.internal.MethodInvocationHelper.invokeMethod(MethodInvocationHelper.java:132)
at org.testng.internal.TestInvoker.invokeMethod(TestInvoker.java:599)
at org.testng.internal.TestInvoker.invokeTestMethod(TestInvoker.java:174)
at org.testng.internal.MethodRunner.runInSequence(MethodRunner.java:46)
at org.testng.internal.TestInvoker$MethodInvocationAgent.invoke(TestInvoker.java:822)
at org.testng.internal.TestInvoker.invokeTestMethods(TestInvoker.java:147)
at org.testng.internal.TestMethodWorker.invokeTestMethods(TestMethodWorker.java:146)
at org.testng.internal.TestMethodWorker.run(TestMethodWorker.java:128)
at java.base/java.util.ArrayList.forEach(ArrayList.java:1511)
at org.testng.TestRunner.privateRun(TestRunner.java:764)
at org.testng.TestRunner.run(TestRunner.java:585)
at org.testng.SuiteRunner.runTest(SuiteRunner.java:384)
at org.testng.SuiteRunner.runSequentially(SuiteRunner.java:378)
at org.testng.SuiteRunner.privateRun(SuiteRunner.java:337)
at org.testng.SuiteRunner.run(SuiteRunner.java:286)
at org.testng.SuiteRunnerWorker.runSuite(SuiteRunnerWorker.java:53)
at org.testng.SuiteRunnerWorker.run(SuiteRunnerWorker.java:96)
at org.testng.TestNG.runSuitesSequentially(TestNG.java:1218)
at org.testng.TestNG.runSuitesLocally(TestNG.java:1140)
at org.testng.TestNG.runSuites(TestNG.java:1069)
at org.testng.TestNG.run(TestNG.java:1037)
at org.testng.remote.AbstractRemoteTestNG.run(AbstractRemoteTestNG.java:115)
at org.testng.remote.RemoteTestNG.initAndRun(RemoteTestNG.java:251)
at org.testng.remote.RemoteTestNG.main(RemoteTestNG.java:77)
]]>
    </error>
  </testcase> <!-- country -->
  <system-out/>
</testsuite> <!-- ai.eezy.signuptest.CountryList -->
