<?xml version="1.0" encoding="UTF-8"?>
<!-- Generated by org.testng.reporters.JUnitReportReporter -->
<testsuite hostname="DESKTOP-NVPTPKF" failures="0" tests="1" name="ai.eezy.logintest.LoginUsingMobileNumberTest" time="55.607" errors="0" timestamp="2021-04-22T17:47:04 IST" skipped="0">
  <testcase classname="ai.eezy.logintest.LoginUsingMobileNumberTest" name="loginUsingMobileNumber" time="55.607"/>
  <system-out/>
</testsuite> <!-- ai.eezy.logintest.LoginUsingMobileNumberTest -->
