<?xml version="1.0" encoding="UTF-8"?>
<!-- Generated by org.testng.reporters.JUnitReportReporter -->
<testsuite hostname="DESKTOP-NVPTPKF" failures="0" tests="1" name="ai.eezy.signuptest.LocationPermissionTest" time="14.937" errors="0" timestamp="2021-04-20T16:43:35 IST" skipped="0">
  <testcase classname="ai.eezy.signuptest.LocationPermissionTest" name="locationpermission" time="14.937"/>
  <system-out/>
</testsuite> <!-- ai.eezy.signuptest.LocationPermissionTest -->
