<?xml version="1.0" encoding="UTF-8"?>
<!-- Generated by org.testng.reporters.JUnitReportReporter -->
<testsuite hostname="DESKTOP-NVPTPKF" failures="0" tests="1" name="ai.eezy.signuptest.LoginRedirectingToSignupTest" time="20.562" errors="0" timestamp="2021-04-20T13:09:46 IST" skipped="0">
  <testcase classname="ai.eezy.signuptest.LoginRedirectingToSignupTest" name="loginToSingup" time="20.562"/>
  <system-out/>
</testsuite> <!-- ai.eezy.signuptest.LoginRedirectingToSignupTest -->
