<?xml version="1.0" encoding="UTF-8"?>
<!-- Generated by org.testng.reporters.JUnitReportReporter -->
<testsuite hostname="DESKTOP-NVPTPKF" failures="0" tests="1" name="ai.eezy.logintest.LogOutTest" time="153.075" errors="0" timestamp="2021-04-27T11:50:25 IST" skipped="0">
  <testcase classname="ai.eezy.logintest.LogOutTest" name="logout" time="153.075"/>
  <system-out/>
</testsuite> <!-- ai.eezy.logintest.LogOutTest -->
