<?xml version="1.0" encoding="UTF-8"?>
<!-- Generated by org.testng.reporters.JUnitReportReporter -->
<testsuite hostname="DESKTOP-NVPTPKF" failures="0" tests="1" name="ai.eezy.plantest.CountryTest" time="118.794" errors="0" timestamp="2021-04-26T11:50:46 IST" skipped="0">
  <testcase classname="ai.eezy.plantest.CountryTest" name="country" time="118.794"/>
  <system-out/>
</testsuite> <!-- ai.eezy.plantest.CountryTest -->
