<?xml version="1.0" encoding="UTF-8"?>
<!-- Generated by org.testng.reporters.JUnitReportReporter -->
<testsuite hostname="DESKTOP-NVPTPKF" failures="0" tests="1" name="ai.eezy.signuptest.Test1" time="108.935" errors="0" timestamp="2021-04-16T17:37:28 IST" skipped="0">
  <testcase classname="ai.eezy.signuptest.Test1" name="testq" time="108.935"/>
  <system-out/>
</testsuite> <!-- ai.eezy.signuptest.Test1 -->
