<?xml version="1.0" encoding="UTF-8"?>
<!-- Generated by org.testng.reporters.JUnitReportReporter -->
<testsuite hostname="DESKTOP-NVPTPKF" failures="0" tests="1" name="ai.eezy.signuptest.LoginTest" time="98.118" errors="0" timestamp="2021-04-20T14:43:38 IST" skipped="0">
  <testcase classname="ai.eezy.signuptest.LoginTest" name="login" time="98.118"/>
  <system-out/>
</testsuite> <!-- ai.eezy.signuptest.LoginTest -->
