<?xml version="1.0" encoding="UTF-8"?>
<!-- Generated by org.testng.reporters.JUnitReportReporter -->
<testsuite hostname="DESKTOP-NVPTPKF" failures="0" tests="1" name="ai.eezy.logintest.LoginTest" time="114.896" errors="0" timestamp="2021-04-27T11:52:37 IST" skipped="0">
  <testcase classname="ai.eezy.logintest.LoginTest" name="login" time="114.896"/>
  <system-out/>
</testsuite> <!-- ai.eezy.logintest.LoginTest -->
