<?xml version="1.0" encoding="UTF-8"?>
<!-- Generated by org.testng.reporters.JUnitReportReporter -->
<testsuite hostname="DESKTOP-NVPTPKF" failures="0" tests="1" name="ai.eezy.signuptest.DenyLocationPermission" time="20.625" errors="0" timestamp="2021-04-20T12:58:59 IST" skipped="0">
  <testcase classname="ai.eezy.signuptest.DenyLocationPermission" name="denyLocation" time="20.625"/>
  <system-out/>
</testsuite> <!-- ai.eezy.signuptest.DenyLocationPermission -->
