<?xml version="1.0" encoding="UTF-8"?>
<!-- Generated by org.testng.reporters.JUnitReportReporter -->
<testsuite hostname="DESKTOP-NVPTPKF" failures="0" tests="1" name="ai.eezy.signuptest.PhoneNumberSignupTest" time="31.837" errors="0" timestamp="2021-04-16T13:15:16 IST" skipped="0">
  <testcase classname="ai.eezy.signuptest.PhoneNumberSignupTest" name="phoneNumberSignUp" time="31.837"/>
  <system-out/>
</testsuite> <!-- ai.eezy.signuptest.PhoneNumberSignupTest -->
