<?xml version="1.0" encoding="UTF-8"?>
<!-- Generated by org.testng.reporters.JUnitReportReporter -->
<testsuite hostname="DESKTOP-NVPTPKF" failures="0" tests="1" name="ai.eezy.test.Testing" time="15.632" errors="0" timestamp="2021-04-20T19:05:48 IST" skipped="0">
  <testcase classname="ai.eezy.test.Testing" name="testString" time="15.632"/>
  <system-out/>
</testsuite> <!-- ai.eezy.test.Testing -->
