<?xml version="1.0" encoding="UTF-8"?>
<!-- Generated by org.testng.reporters.JUnitReportReporter -->
<testsuite hostname="DESKTOP-NVPTPKF" failures="0" tests="1" name="ai.eezy.logintest.LoginRedirectingToSignupTest" time="16.623" errors="0" timestamp="2021-04-20T16:43:35 IST" skipped="0">
  <testcase classname="ai.eezy.logintest.LoginRedirectingToSignupTest" name="loginToSingup" time="16.623"/>
  <system-out/>
</testsuite> <!-- ai.eezy.logintest.LoginRedirectingToSignupTest -->
