<?xml version="1.0" encoding="UTF-8"?>
<!-- Generated by org.testng.reporters.JUnitReportReporter -->
<testsuite hostname="DESKTOP-NVPTPKF" failures="0" tests="1" name="ai.eezy.signuptest.NavigateToTermsAndConditionPage" time="19.205" errors="0" timestamp="2021-04-20T13:28:04 IST" skipped="0">
  <testcase classname="ai.eezy.signuptest.NavigateToTermsAndConditionPage" name="navigateToTermsandCondition" time="19.205"/>
  <system-out/>
</testsuite> <!-- ai.eezy.signuptest.NavigateToTermsAndConditionPage -->
